<?xml version="1.0" encoding="UTF-8"?>
<coverage generated="1664956150132" clover="3.2.0">
  <project timestamp="1664956150132" name="All files">
    <metrics statements="209" coveredstatements="176" conditionals="147" coveredconditionals="90" methods="77" coveredmethods="70" elements="433" coveredelements="336" complexity="0" loc="209" ncloc="209" packages="2" files="9" classes="9"/>
    <package name="unit-testing">
      <metrics statements="101" coveredstatements="84" conditionals="59" coveredconditionals="35" methods="40" coveredmethods="33"/>
      <file name="unitTestingTask.js" path="/Users/mdenys/Documents/unit-testing/unitTestingTask.js">
        <metrics statements="101" coveredstatements="84" conditionals="59" coveredconditionals="35" methods="40" coveredmethods="33"/>
        <line num="1" count="1" type="stmt"/>
        <line num="2" count="1" type="cond" truecount="2" falsecount="2"/>
        <line num="3" count="0" type="stmt"/>
        <line num="4" count="0" type="stmt"/>
        <line num="6" count="1" type="cond" truecount="1" falsecount="1"/>
        <line num="7" count="1" type="stmt"/>
        <line num="9" count="0" type="stmt"/>
        <line num="24" count="19" type="stmt"/>
        <line num="25" count="19" type="cond" truecount="2" falsecount="0"/>
        <line num="27" count="19" type="cond" truecount="1" falsecount="1"/>
        <line num="28" count="0" type="stmt"/>
        <line num="32" count="19" type="stmt"/>
        <line num="34" count="19" type="stmt"/>
        <line num="37" count="1" type="cond" truecount="2" falsecount="0"/>
        <line num="39" count="1" type="stmt"/>
        <line num="41" count="1" type="stmt"/>
        <line num="44" count="1" type="stmt"/>
        <line num="47" count="8" type="stmt"/>
        <line num="50" count="8" type="stmt"/>
        <line num="53" count="8" type="stmt"/>
        <line num="56" count="8" type="stmt"/>
        <line num="59" count="8" type="stmt"/>
        <line num="62" count="8" type="stmt"/>
        <line num="65" count="8" type="stmt"/>
        <line num="68" count="1" type="stmt"/>
        <line num="71" count="1" type="stmt"/>
        <line num="74" count="1" type="stmt"/>
        <line num="77" count="1" type="stmt"/>
        <line num="80" count="1" type="cond" truecount="1" falsecount="1"/>
        <line num="83" count="1" type="cond" truecount="1" falsecount="1"/>
        <line num="86" count="1" type="stmt"/>
        <line num="89" count="1" type="stmt"/>
        <line num="92" count="1" type="stmt"/>
        <line num="95" count="1" type="stmt"/>
        <line num="98" count="1" type="stmt"/>
        <line num="101" count="1" type="stmt"/>
        <line num="104" count="16" type="stmt"/>
        <line num="107" count="16" type="stmt"/>
        <line num="110" count="2" type="stmt"/>
        <line num="111" count="2" type="stmt"/>
        <line num="112" count="2" type="stmt"/>
        <line num="113" count="2" type="cond" truecount="1" falsecount="1"/>
        <line num="115" count="2" type="cond" truecount="2" falsecount="0"/>
        <line num="117" count="2" type="stmt"/>
        <line num="120" count="1" type="stmt"/>
        <line num="124" count="1" type="stmt"/>
        <line num="125" count="1" type="stmt"/>
        <line num="126" count="25" type="cond" truecount="1" falsecount="1"/>
        <line num="127" count="25" type="stmt"/>
        <line num="130" count="1" type="stmt"/>
        <line num="171" count="105" type="cond" truecount="4" falsecount="0"/>
        <line num="172" count="1" type="stmt"/>
        <line num="175" count="104" type="cond" truecount="1" falsecount="1"/>
        <line num="181" count="0" type="stmt"/>
        <line num="187" count="104" type="cond" truecount="3" falsecount="1"/>
        <line num="193" count="104" type="stmt"/>
        <line num="195" count="104" type="cond" truecount="1" falsecount="1"/>
        <line num="196" count="0" type="stmt"/>
        <line num="198" count="104" type="stmt"/>
        <line num="199" count="104" type="stmt"/>
        <line num="209" count="1" type="stmt"/>
        <line num="219" count="1" type="stmt"/>
        <line num="220" count="102" type="cond" truecount="2" falsecount="0"/>
        <line num="221" count="72" type="stmt"/>
        <line num="224" count="30" type="cond" truecount="2" falsecount="0"/>
        <line num="225" count="21" type="cond" truecount="4" falsecount="0"/>
        <line num="226" count="20" type="stmt"/>
        <line num="227" count="1" type="cond" truecount="1" falsecount="1"/>
        <line num="228" count="1" type="stmt"/>
        <line num="229" count="1" type="stmt"/>
        <line num="230" count="1" type="stmt"/>
        <line num="232" count="0" type="stmt"/>
        <line num="235" count="21" type="stmt"/>
        <line num="238" count="9" type="stmt"/>
        <line num="239" count="9" type="stmt"/>
        <line num="240" count="9" type="stmt"/>
        <line num="244" count="1" type="stmt"/>
        <line num="250" count="0" type="stmt"/>
        <line num="254" count="0" type="stmt"/>
        <line num="262" count="0" type="cond" truecount="0" falsecount="2"/>
        <line num="263" count="0" type="cond" truecount="0" falsecount="2"/>
        <line num="265" count="0" type="cond" truecount="0" falsecount="2"/>
        <line num="275" count="1" type="stmt"/>
        <line num="276" count="4" type="stmt"/>
        <line num="277" count="0" type="cond" truecount="0" falsecount="3"/>
        <line num="278" count="0" type="stmt"/>
        <line num="287" count="1" type="stmt"/>
        <line num="307" count="1" type="stmt"/>
        <line num="308" count="4" type="stmt"/>
        <line num="309" count="4" type="stmt"/>
        <line num="317" count="1" type="stmt"/>
        <line num="318" count="0" type="stmt"/>
        <line num="322" count="1" type="stmt"/>
        <line num="323" count="1" type="stmt"/>
        <line num="324" count="1" type="stmt"/>
        <line num="325" count="1" type="stmt"/>
        <line num="328" count="1" type="stmt"/>
        <line num="335" count="1" type="stmt"/>
        <line num="336" count="0" type="stmt"/>
        <line num="337" count="0" type="stmt"/>
        <line num="340" count="1" type="stmt"/>
      </file>
    </package>
    <package name="unit-testing.lang">
      <metrics statements="108" coveredstatements="92" conditionals="88" coveredconditionals="55" methods="37" coveredmethods="37"/>
      <file name="be.js" path="/Users/mdenys/Documents/unit-testing/lang/be.js">
        <metrics statements="17" coveredstatements="15" conditionals="14" coveredconditionals="10" methods="5" coveredmethods="5"/>
        <line num="1" count="1" type="stmt"/>
        <line num="2" count="1" type="cond" truecount="2" falsecount="2"/>
        <line num="3" count="0" type="stmt"/>
        <line num="4" count="1" type="cond" truecount="1" falsecount="1"/>
        <line num="5" count="1" type="stmt"/>
        <line num="7" count="0" type="stmt"/>
        <line num="10" count="1" type="stmt"/>
        <line num="22" count="1" type="cond" truecount="1" falsecount="1"/>
        <line num="23" count="1" type="stmt"/>
        <line num="27" count="1" type="stmt"/>
        <line num="35" count="8" type="cond" truecount="2" falsecount="0"/>
        <line num="36" count="2" type="stmt"/>
        <line num="37" count="6" type="cond" truecount="2" falsecount="0"/>
        <line num="38" count="2" type="stmt"/>
        <line num="39" count="4" type="cond" truecount="2" falsecount="0"/>
        <line num="40" count="2" type="stmt"/>
        <line num="42" count="2" type="stmt"/>
      </file>
      <file name="cs.js" path="/Users/mdenys/Documents/unit-testing/lang/cs.js">
        <metrics statements="14" coveredstatements="12" conditionals="12" coveredconditionals="7" methods="5" coveredmethods="5"/>
        <line num="1" count="1" type="stmt"/>
        <line num="2" count="1" type="cond" truecount="2" falsecount="2"/>
        <line num="3" count="0" type="stmt"/>
        <line num="4" count="1" type="cond" truecount="1" falsecount="1"/>
        <line num="5" count="1" type="stmt"/>
        <line num="7" count="0" type="stmt"/>
        <line num="10" count="1" type="stmt"/>
        <line num="22" count="1" type="cond" truecount="1" falsecount="1"/>
        <line num="23" count="1" type="stmt"/>
        <line num="30" count="1" type="cond" truecount="1" falsecount="1"/>
        <line num="31" count="1" type="stmt"/>
        <line num="37" count="4" type="cond" truecount="2" falsecount="0"/>
        <line num="38" count="2" type="stmt"/>
        <line num="40" count="2" type="stmt"/>
      </file>
      <file name="kk.js" path="/Users/mdenys/Documents/unit-testing/lang/kk.js">
        <metrics statements="10" coveredstatements="8" conditionals="8" coveredconditionals="4" methods="4" coveredmethods="4"/>
        <line num="1" count="1" type="stmt"/>
        <line num="2" count="1" type="cond" truecount="2" falsecount="2"/>
        <line num="3" count="0" type="stmt"/>
        <line num="4" count="1" type="cond" truecount="1" falsecount="1"/>
        <line num="5" count="1" type="stmt"/>
        <line num="7" count="0" type="stmt"/>
        <line num="10" count="1" type="stmt"/>
        <line num="22" count="1" type="cond" truecount="1" falsecount="1"/>
        <line num="23" count="1" type="stmt"/>
        <line num="27" count="1" type="stmt"/>
      </file>
      <file name="pl.js" path="/Users/mdenys/Documents/unit-testing/lang/pl.js">
        <metrics statements="14" coveredstatements="12" conditionals="12" coveredconditionals="7" methods="5" coveredmethods="5"/>
        <line num="1" count="1" type="stmt"/>
        <line num="2" count="1" type="cond" truecount="2" falsecount="2"/>
        <line num="3" count="0" type="stmt"/>
        <line num="4" count="1" type="cond" truecount="1" falsecount="1"/>
        <line num="5" count="1" type="stmt"/>
        <line num="7" count="0" type="stmt"/>
        <line num="10" count="1" type="stmt"/>
        <line num="22" count="1" type="cond" truecount="1" falsecount="1"/>
        <line num="23" count="1" type="stmt"/>
        <line num="30" count="1" type="cond" truecount="1" falsecount="1"/>
        <line num="31" count="1" type="stmt"/>
        <line num="38" count="4" type="cond" truecount="2" falsecount="0"/>
        <line num="39" count="2" type="stmt"/>
        <line num="41" count="2" type="stmt"/>
      </file>
      <file name="ru.js" path="/Users/mdenys/Documents/unit-testing/lang/ru.js">
        <metrics statements="18" coveredstatements="16" conditionals="16" coveredconditionals="11" methods="5" coveredmethods="5"/>
        <line num="1" count="1" type="stmt"/>
        <line num="2" count="1" type="cond" truecount="2" falsecount="2"/>
        <line num="3" count="0" type="stmt"/>
        <line num="4" count="1" type="cond" truecount="1" falsecount="1"/>
        <line num="5" count="1" type="stmt"/>
        <line num="7" count="0" type="stmt"/>
        <line num="10" count="1" type="stmt"/>
        <line num="22" count="1" type="cond" truecount="1" falsecount="1"/>
        <line num="23" count="1" type="stmt"/>
        <line num="34" count="1" type="cond" truecount="1" falsecount="1"/>
        <line num="35" count="1" type="stmt"/>
        <line num="44" count="8" type="cond" truecount="2" falsecount="0"/>
        <line num="45" count="2" type="stmt"/>
        <line num="46" count="6" type="cond" truecount="2" falsecount="0"/>
        <line num="47" count="2" type="stmt"/>
        <line num="48" count="4" type="cond" truecount="2" falsecount="0"/>
        <line num="49" count="2" type="stmt"/>
        <line num="51" count="2" type="stmt"/>
      </file>
      <file name="tr.js" path="/Users/mdenys/Documents/unit-testing/lang/tr.js">
        <metrics statements="9" coveredstatements="7" conditionals="6" coveredconditionals="3" methods="4" coveredmethods="4"/>
        <line num="1" count="1" type="stmt"/>
        <line num="2" count="1" type="cond" truecount="2" falsecount="2"/>
        <line num="3" count="0" type="stmt"/>
        <line num="4" count="1" type="cond" truecount="1" falsecount="1"/>
        <line num="5" count="1" type="stmt"/>
        <line num="7" count="0" type="stmt"/>
        <line num="10" count="1" type="stmt"/>
        <line num="16" count="1" type="stmt"/>
        <line num="20" count="1" type="stmt"/>
      </file>
      <file name="tt.js" path="/Users/mdenys/Documents/unit-testing/lang/tt.js">
        <metrics statements="9" coveredstatements="7" conditionals="6" coveredconditionals="3" methods="4" coveredmethods="4"/>
        <line num="1" count="1" type="stmt"/>
        <line num="2" count="1" type="cond" truecount="2" falsecount="2"/>
        <line num="3" count="0" type="stmt"/>
        <line num="4" count="1" type="cond" truecount="1" falsecount="1"/>
        <line num="5" count="1" type="stmt"/>
        <line num="7" count="0" type="stmt"/>
        <line num="10" count="1" type="stmt"/>
        <line num="16" count="1" type="stmt"/>
        <line num="22" count="1" type="stmt"/>
      </file>
      <file name="uk.js" path="/Users/mdenys/Documents/unit-testing/lang/uk.js">
        <metrics statements="17" coveredstatements="15" conditionals="14" coveredconditionals="10" methods="5" coveredmethods="5"/>
        <line num="1" count="1" type="stmt"/>
        <line num="2" count="1" type="cond" truecount="2" falsecount="2"/>
        <line num="3" count="0" type="stmt"/>
        <line num="4" count="1" type="cond" truecount="1" falsecount="1"/>
        <line num="5" count="1" type="stmt"/>
        <line num="7" count="0" type="stmt"/>
        <line num="10" count="1" type="stmt"/>
        <line num="22" count="1" type="cond" truecount="1" falsecount="1"/>
        <line num="23" count="1" type="stmt"/>
        <line num="28" count="1" type="stmt"/>
        <line num="36" count="8" type="cond" truecount="2" falsecount="0"/>
        <line num="37" count="2" type="stmt"/>
        <line num="38" count="6" type="cond" truecount="2" falsecount="0"/>
        <line num="39" count="2" type="stmt"/>
        <line num="40" count="4" type="cond" truecount="2" falsecount="0"/>
        <line num="41" count="2" type="stmt"/>
        <line num="43" count="2" type="stmt"/>
      </file>
    </package>
  </project>
</coverage>
