TN:
SF:unitTestingTask.js
FN:1,(anonymous_0)
FN:3,(anonymous_1)
FN:11,(anonymous_2)
FN:23,leadingZeroes
FN:40,(anonymous_4)
FN:43,(anonymous_5)
FN:46,(anonymous_6)
FN:49,(anonymous_7)
FN:52,(anonymous_8)
FN:55,(anonymous_9)
FN:58,(anonymous_10)
FN:61,(anonymous_11)
FN:64,(anonymous_12)
FN:67,(anonymous_13)
FN:70,(anonymous_14)
FN:73,(anonymous_15)
FN:76,(anonymous_16)
FN:79,(anonymous_17)
FN:82,(anonymous_18)
FN:85,(anonymous_19)
FN:88,(anonymous_20)
FN:91,(anonymous_21)
FN:94,(anonymous_22)
FN:97,(anonymous_23)
FN:100,(anonymous_24)
FN:103,(anonymous_25)
FN:106,(anonymous_26)
FN:109,(anonymous_27)
FN:119,(anonymous_28)
FN:170,unitTestingTask
FN:198,(anonymous_30)
FN:219,(anonymous_31)
FN:249,(anonymous_32)
FN:253,(anonymous_33)
FN:261,(anonymous_34)
FN:275,(anonymous_35)
FN:276,(anonymous_36)
FN:307,(anonymous_37)
FN:317,(anonymous_38)
FN:335,(anonymous_39)
FNF:40
FNH:33
FNDA:1,(anonymous_0)
FNDA:0,(anonymous_1)
FNDA:1,(anonymous_2)
FNDA:19,leadingZeroes
FNDA:1,(anonymous_4)
FNDA:1,(anonymous_5)
FNDA:8,(anonymous_6)
FNDA:8,(anonymous_7)
FNDA:8,(anonymous_8)
FNDA:8,(anonymous_9)
FNDA:8,(anonymous_10)
FNDA:8,(anonymous_11)
FNDA:8,(anonymous_12)
FNDA:1,(anonymous_13)
FNDA:1,(anonymous_14)
FNDA:1,(anonymous_15)
FNDA:1,(anonymous_16)
FNDA:1,(anonymous_17)
FNDA:1,(anonymous_18)
FNDA:1,(anonymous_19)
FNDA:1,(anonymous_20)
FNDA:1,(anonymous_21)
FNDA:1,(anonymous_22)
FNDA:1,(anonymous_23)
FNDA:1,(anonymous_24)
FNDA:16,(anonymous_25)
FNDA:16,(anonymous_26)
FNDA:2,(anonymous_27)
FNDA:1,(anonymous_28)
FNDA:105,unitTestingTask
FNDA:104,(anonymous_30)
FNDA:102,(anonymous_31)
FNDA:0,(anonymous_32)
FNDA:0,(anonymous_33)
FNDA:0,(anonymous_34)
FNDA:4,(anonymous_35)
FNDA:0,(anonymous_36)
FNDA:4,(anonymous_37)
FNDA:0,(anonymous_38)
FNDA:0,(anonymous_39)
DA:1,1
DA:2,1
DA:3,0
DA:4,0
DA:6,1
DA:7,1
DA:9,0
DA:24,19
DA:25,19
DA:27,19
DA:28,0
DA:32,19
DA:34,19
DA:37,1
DA:39,1
DA:41,1
DA:44,1
DA:47,8
DA:50,8
DA:53,8
DA:56,8
DA:59,8
DA:62,8
DA:65,8
DA:68,1
DA:71,1
DA:74,1
DA:77,1
DA:80,1
DA:83,1
DA:86,1
DA:89,1
DA:92,1
DA:95,1
DA:98,1
DA:101,1
DA:104,16
DA:107,16
DA:110,2
DA:111,2
DA:112,2
DA:113,2
DA:115,2
DA:117,2
DA:120,1
DA:124,1
DA:125,1
DA:126,25
DA:127,25
DA:130,1
DA:171,105
DA:172,1
DA:175,104
DA:181,0
DA:187,104
DA:193,104
DA:195,104
DA:196,0
DA:198,104
DA:199,104
DA:209,1
DA:219,1
DA:220,102
DA:221,72
DA:224,30
DA:225,21
DA:226,20
DA:227,1
DA:228,1
DA:229,1
DA:230,1
DA:232,0
DA:235,21
DA:238,9
DA:239,9
DA:240,9
DA:244,1
DA:250,0
DA:254,0
DA:262,0
DA:263,0
DA:265,0
DA:275,1
DA:276,4
DA:277,0
DA:278,0
DA:287,1
DA:307,1
DA:308,4
DA:309,4
DA:317,1
DA:318,0
DA:322,1
DA:323,1
DA:324,1
DA:325,1
DA:328,1
DA:335,1
DA:336,0
DA:337,0
DA:340,1
LF:101
LH:84
BRDA:2,0,0,0
BRDA:2,0,1,1
BRDA:2,1,0,1
BRDA:2,1,1,0
BRDA:6,2,0,1
BRDA:6,2,1,0
BRDA:25,3,0,1
BRDA:25,3,1,18
BRDA:27,4,0,0
BRDA:27,4,1,19
BRDA:37,5,0,1
BRDA:37,5,1,1
BRDA:80,6,0,1
BRDA:80,6,1,0
BRDA:83,7,0,1
BRDA:83,7,1,0
BRDA:113,8,0,0
BRDA:113,8,1,2
BRDA:115,9,0,2
BRDA:115,9,1,1
BRDA:126,10,0,25
BRDA:126,10,1,0
BRDA:171,11,0,1
BRDA:171,11,1,104
BRDA:171,12,0,105
BRDA:171,12,1,104
BRDA:175,13,0,0
BRDA:175,13,1,104
BRDA:176,14,0,104
BRDA:176,14,1,104
BRDA:176,14,2,0
BRDA:176,14,3,0
BRDA:187,15,0,104
BRDA:187,15,1,0
BRDA:187,16,0,104
BRDA:187,16,1,104
BRDA:188,17,0,104
BRDA:188,17,1,0
BRDA:195,18,0,0
BRDA:195,18,1,104
BRDA:220,19,0,72
BRDA:220,19,1,30
BRDA:224,20,0,21
BRDA:224,20,1,9
BRDA:225,21,0,20
BRDA:225,21,1,1
BRDA:225,22,0,21
BRDA:225,22,1,21
BRDA:227,23,0,1
BRDA:227,23,1,0
BRDA:262,24,0,0
BRDA:262,24,1,0
BRDA:263,25,0,0
BRDA:263,25,1,0
BRDA:265,26,0,0
BRDA:265,26,1,0
BRDA:277,27,0,0
BRDA:277,27,1,0
BRDA:277,27,2,0
BRF:59
BRH:35
end_of_record
TN:
SF:lang/be.js
FN:1,(anonymous_0)
FN:9,(anonymous_1)
FN:21,(anonymous_2)
FN:26,(anonymous_3)
FN:34,(anonymous_4)
FNF:5
FNH:5
FNDA:1,(anonymous_0)
FNDA:1,(anonymous_1)
FNDA:1,(anonymous_2)
FNDA:1,(anonymous_3)
FNDA:8,(anonymous_4)
DA:1,1
DA:2,1
DA:3,0
DA:4,1
DA:5,1
DA:7,0
DA:10,1
DA:22,1
DA:23,1
DA:27,1
DA:35,8
DA:36,2
DA:37,6
DA:38,2
DA:39,4
DA:40,2
DA:42,2
LF:17
LH:15
BRDA:2,0,0,0
BRDA:2,0,1,1
BRDA:2,1,0,1
BRDA:2,1,1,0
BRDA:4,2,0,1
BRDA:4,2,1,0
BRDA:22,3,0,0
BRDA:22,3,1,1
BRDA:35,4,0,2
BRDA:35,4,1,6
BRDA:37,5,0,2
BRDA:37,5,1,4
BRDA:39,6,0,2
BRDA:39,6,1,2
BRF:14
BRH:10
end_of_record
TN:
SF:lang/cs.js
FN:1,(anonymous_0)
FN:9,(anonymous_1)
FN:21,(anonymous_2)
FN:29,(anonymous_3)
FN:36,(anonymous_4)
FNF:5
FNH:5
FNDA:1,(anonymous_0)
FNDA:1,(anonymous_1)
FNDA:1,(anonymous_2)
FNDA:1,(anonymous_3)
FNDA:4,(anonymous_4)
DA:1,1
DA:2,1
DA:3,0
DA:4,1
DA:5,1
DA:7,0
DA:10,1
DA:22,1
DA:23,1
DA:30,1
DA:31,1
DA:37,4
DA:38,2
DA:40,2
LF:14
LH:12
BRDA:2,0,0,0
BRDA:2,0,1,1
BRDA:2,1,0,1
BRDA:2,1,1,0
BRDA:4,2,0,1
BRDA:4,2,1,0
BRDA:22,3,0,0
BRDA:22,3,1,1
BRDA:30,4,0,0
BRDA:30,4,1,1
BRDA:37,5,0,2
BRDA:37,5,1,2
BRF:12
BRH:7
end_of_record
TN:
SF:lang/kk.js
FN:1,(anonymous_0)
FN:9,(anonymous_1)
FN:21,(anonymous_2)
FN:26,(anonymous_3)
FNF:4
FNH:4
FNDA:1,(anonymous_0)
FNDA:1,(anonymous_1)
FNDA:1,(anonymous_2)
FNDA:1,(anonymous_3)
DA:1,1
DA:2,1
DA:3,0
DA:4,1
DA:5,1
DA:7,0
DA:10,1
DA:22,1
DA:23,1
DA:27,1
LF:10
LH:8
BRDA:2,0,0,0
BRDA:2,0,1,1
BRDA:2,1,0,1
BRDA:2,1,1,0
BRDA:4,2,0,1
BRDA:4,2,1,0
BRDA:22,3,0,0
BRDA:22,3,1,1
BRF:8
BRH:4
end_of_record
TN:
SF:lang/pl.js
FN:1,(anonymous_0)
FN:9,(anonymous_1)
FN:21,(anonymous_2)
FN:29,(anonymous_3)
FN:37,(anonymous_4)
FNF:5
FNH:5
FNDA:1,(anonymous_0)
FNDA:1,(anonymous_1)
FNDA:1,(anonymous_2)
FNDA:1,(anonymous_3)
FNDA:4,(anonymous_4)
DA:1,1
DA:2,1
DA:3,0
DA:4,1
DA:5,1
DA:7,0
DA:10,1
DA:22,1
DA:23,1
DA:30,1
DA:31,1
DA:38,4
DA:39,2
DA:41,2
LF:14
LH:12
BRDA:2,0,0,0
BRDA:2,0,1,1
BRDA:2,1,0,1
BRDA:2,1,1,0
BRDA:4,2,0,1
BRDA:4,2,1,0
BRDA:22,3,0,0
BRDA:22,3,1,1
BRDA:30,4,0,0
BRDA:30,4,1,1
BRDA:38,5,0,2
BRDA:38,5,1,2
BRF:12
BRH:7
end_of_record
TN:
SF:lang/ru.js
FN:1,(anonymous_0)
FN:9,(anonymous_1)
FN:21,(anonymous_2)
FN:33,(anonymous_3)
FN:43,(anonymous_4)
FNF:5
FNH:5
FNDA:1,(anonymous_0)
FNDA:1,(anonymous_1)
FNDA:1,(anonymous_2)
FNDA:1,(anonymous_3)
FNDA:8,(anonymous_4)
DA:1,1
DA:2,1
DA:3,0
DA:4,1
DA:5,1
DA:7,0
DA:10,1
DA:22,1
DA:23,1
DA:34,1
DA:35,1
DA:44,8
DA:45,2
DA:46,6
DA:47,2
DA:48,4
DA:49,2
DA:51,2
LF:18
LH:16
BRDA:2,0,0,0
BRDA:2,0,1,1
BRDA:2,1,0,1
BRDA:2,1,1,0
BRDA:4,2,0,1
BRDA:4,2,1,0
BRDA:22,3,0,0
BRDA:22,3,1,1
BRDA:34,4,0,0
BRDA:34,4,1,1
BRDA:44,5,0,2
BRDA:44,5,1,6
BRDA:46,6,0,2
BRDA:46,6,1,4
BRDA:48,7,0,2
BRDA:48,7,1,2
BRF:16
BRH:11
end_of_record
TN:
SF:lang/tr.js
FN:1,(anonymous_0)
FN:9,(anonymous_1)
FN:15,(anonymous_2)
FN:19,(anonymous_3)
FNF:4
FNH:4
FNDA:1,(anonymous_0)
FNDA:1,(anonymous_1)
FNDA:1,(anonymous_2)
FNDA:1,(anonymous_3)
DA:1,1
DA:2,1
DA:3,0
DA:4,1
DA:5,1
DA:7,0
DA:10,1
DA:16,1
DA:20,1
LF:9
LH:7
BRDA:2,0,0,0
BRDA:2,0,1,1
BRDA:2,1,0,1
BRDA:2,1,1,0
BRDA:4,2,0,1
BRDA:4,2,1,0
BRF:6
BRH:3
end_of_record
TN:
SF:lang/tt.js
FN:1,(anonymous_0)
FN:9,(anonymous_1)
FN:15,(anonymous_2)
FN:21,(anonymous_3)
FNF:4
FNH:4
FNDA:1,(anonymous_0)
FNDA:1,(anonymous_1)
FNDA:1,(anonymous_2)
FNDA:1,(anonymous_3)
DA:1,1
DA:2,1
DA:3,0
DA:4,1
DA:5,1
DA:7,0
DA:10,1
DA:16,1
DA:22,1
LF:9
LH:7
BRDA:2,0,0,0
BRDA:2,0,1,1
BRDA:2,1,0,1
BRDA:2,1,1,0
BRDA:4,2,0,1
BRDA:4,2,1,0
BRF:6
BRH:3
end_of_record
TN:
SF:lang/uk.js
FN:1,(anonymous_0)
FN:9,(anonymous_1)
FN:21,(anonymous_2)
FN:27,(anonymous_3)
FN:35,(anonymous_4)
FNF:5
FNH:5
FNDA:1,(anonymous_0)
FNDA:1,(anonymous_1)
FNDA:1,(anonymous_2)
FNDA:1,(anonymous_3)
FNDA:8,(anonymous_4)
DA:1,1
DA:2,1
DA:3,0
DA:4,1
DA:5,1
DA:7,0
DA:10,1
DA:22,1
DA:23,1
DA:28,1
DA:36,8
DA:37,2
DA:38,6
DA:39,2
DA:40,4
DA:41,2
DA:43,2
LF:17
LH:15
BRDA:2,0,0,0
BRDA:2,0,1,1
BRDA:2,1,0,1
BRDA:2,1,1,0
BRDA:4,2,0,1
BRDA:4,2,1,0
BRDA:22,3,0,0
BRDA:22,3,1,1
BRDA:36,4,0,2
BRDA:36,4,1,6
BRDA:38,5,0,2
BRDA:38,5,1,4
BRDA:40,6,0,2
BRDA:40,6,1,2
BRF:14
BRH:10
end_of_record
